<?xml version="1.0" encoding="UTF-8"?>
<!-- Generated by org.testng.reporters.JUnitXMLReporter -->
<testsuite hostname="n-Extensa-2530" failures="0" tests="5" name="TestForBoy" time="0.058" errors="0" timestamp="6 Jun 2020 17:18:40 GMT">
  <testcase classname="com.epam.gomel.homework.BoyTest" name="testIsRich" time="0.017"/>
  <testcase classname="com.epam.gomel.homework.BoyTest" name="isSummerMonth" time="0.0"/>
  <testcase classname="com.epam.gomel.homework.BoyTest" name="isPrettyGirlFriend" time="0.0"/>
  <testcase classname="com.epam.gomel.homework.BoyTest" name="spendSomeMoney" time="0.005"/>
  <testcase classname="com.epam.gomel.homework.BoyTest" name="getMood" time="0.0"/>
</testsuite> <!-- TestForBoy -->
