<?xml version="1.0" encoding="UTF-8"?>
<!-- Generated by org.testng.reporters.JUnitXMLReporter -->
<testsuite hostname="n-Extensa-2530" failures="0" tests="5" name="TestForBoy" time="0.053" errors="0" timestamp="6 Jun 2020 17:23:46 GMT">
  <testcase classname="com.epam.gomel.homework.BoyTest" name="testIsRich" time="0.016"/>
  <testcase classname="com.epam.gomel.homework.BoyTest" name="isSummerMonth" time="0.0"/>
  <testcase classname="com.epam.gomel.homework.BoyTest" name="isPrettyGirlFriend" time="0.001"/>
  <testcase classname="com.epam.gomel.homework.BoyTest" name="spendSomeMoney" time="0.004"/>
  <testcase classname="com.epam.gomel.homework.BoyTest" name="getMood" time="0.001"/>
</testsuite> <!-- TestForBoy -->
